This file contains any messages produced by compilers while
running configure, to aid debugging if configure makes a mistake.

It was created by geotop configure 1.2.10, which was
generated by GNU Autoconf 2.68.  Invocation command line was

  $ ./configure 

## --------- ##
## Platform. ##
## --------- ##

hostname = geo-106-154
uname -m = x86_64
uname -r = 3.2.0-56-generic
uname -s = Linux
uname -v = #86-Ubuntu SMP Wed Oct 23 09:20:45 UTC 2013

/usr/bin/uname -p = unknown
/bin/uname -X     = unknown

/bin/arch              = unknown
/usr/bin/arch -k       = unknown
/usr/convex/getsysinfo = unknown
/usr/bin/hostinfo      = unknown
/bin/machine           = unknown
/usr/bin/oslevel       = unknown
/bin/universe          = unknown

PATH: /usr/lib/lightdm/lightdm
PATH: /usr/local/sbin
PATH: /usr/local/bin
PATH: /usr/sbin
PATH: /usr/bin
PATH: /sbin
PATH: /bin
PATH: /usr/games


## ----------- ##
## Core tests. ##
## ----------- ##

configure:2289: checking for a BSD-compatible install
configure:2357: result: /usr/bin/install -c
configure:2368: checking whether build environment is sane
configure:2418: result: yes
configure:2559: checking for a thread-safe mkdir -p
configure:2598: result: /bin/mkdir -p
configure:2611: checking for gawk
configure:2641: result: no
configure:2611: checking for mawk
configure:2627: found /usr/bin/mawk
configure:2638: result: mawk
configure:2649: checking whether make sets $(MAKE)
configure:2671: result: yes
configure:2803: checking for gcc
configure:2819: found /usr/bin/gcc
configure:2830: result: gcc
configure:3059: checking for C compiler version
configure:3068: gcc --version >&5
gcc (Ubuntu/Linaro 4.6.3-1ubuntu5) 4.6.3
Copyright (C) 2011 Free Software Foundation, Inc.
This is free software; see the source for copying conditions.  There is NO
warranty; not even for MERCHANTABILITY or FITNESS FOR A PARTICULAR PURPOSE.

configure:3079: $? = 0
configure:3068: gcc -v >&5
Using built-in specs.
COLLECT_GCC=gcc
COLLECT_LTO_WRAPPER=/usr/lib/gcc/x86_64-linux-gnu/4.6/lto-wrapper
Target: x86_64-linux-gnu
Configured with: ../src/configure -v --with-pkgversion='Ubuntu/Linaro 4.6.3-1ubuntu5' --with-bugurl=file:///usr/share/doc/gcc-4.6/README.Bugs --enable-languages=c,c++,fortran,objc,obj-c++ --prefix=/usr --program-suffix=-4.6 --enable-shared --enable-linker-build-id --with-system-zlib --libexecdir=/usr/lib --without-included-gettext --enable-threads=posix --with-gxx-include-dir=/usr/include/c++/4.6 --libdir=/usr/lib --enable-nls --with-sysroot=/ --enable-clocale=gnu --enable-libstdcxx-debug --enable-libstdcxx-time=yes --enable-gnu-unique-object --enable-plugin --enable-objc-gc --disable-werror --with-arch-32=i686 --with-tune=generic --enable-checking=release --build=x86_64-linux-gnu --host=x86_64-linux-gnu --target=x86_64-linux-gnu
Thread model: posix
gcc version 4.6.3 (Ubuntu/Linaro 4.6.3-1ubuntu5) 
configure:3079: $? = 0
configure:3068: gcc -V >&5
gcc: error: unrecognized option '-V'
gcc: fatal error: no input files
compilation terminated.
configure:3079: $? = 4
configure:3068: gcc -qversion >&5
gcc: error: unrecognized option '-qversion'
gcc: fatal error: no input files
compilation terminated.
configure:3079: $? = 4
configure:3099: checking whether the C compiler works
configure:3121: gcc    conftest.c  >&5
configure:3125: $? = 0
configure:3173: result: yes
configure:3176: checking for C compiler default output file name
configure:3178: result: a.out
configure:3184: checking for suffix of executables
configure:3191: gcc -o conftest    conftest.c  >&5
configure:3195: $? = 0
configure:3217: result: 
configure:3239: checking whether we are cross compiling
configure:3247: gcc -o conftest    conftest.c  >&5
configure:3251: $? = 0
configure:3258: ./conftest
configure:3262: $? = 0
configure:3277: result: no
configure:3282: checking for suffix of object files
configure:3304: gcc -c   conftest.c >&5
configure:3308: $? = 0
configure:3329: result: o
configure:3333: checking whether we are using the GNU C compiler
configure:3352: gcc -c   conftest.c >&5
configure:3352: $? = 0
configure:3361: result: yes
configure:3370: checking whether gcc accepts -g
configure:3390: gcc -c -g  conftest.c >&5
configure:3390: $? = 0
configure:3431: result: yes
configure:3448: checking for gcc option to accept ISO C89
configure:3512: gcc  -c -g -O2  conftest.c >&5
configure:3512: $? = 0
configure:3525: result: none needed
configure:3556: checking for style of include used by make
configure:3584: result: GNU
configure:3610: checking dependency style of gcc
configure:3721: result: gcc3
configure:3737: checking whether gcc and cc understand -c and -o together
configure:3768: gcc -c conftest.c -o conftest2.o >&5
configure:3772: $? = 0
configure:3778: gcc -c conftest.c -o conftest2.o >&5
configure:3782: $? = 0
configure:3793: cc -c conftest.c >&5
configure:3797: $? = 0
configure:3805: cc -c conftest.c -o conftest2.o >&5
configure:3809: $? = 0
configure:3815: cc -c conftest.c -o conftest2.o >&5
configure:3819: $? = 0
configure:3837: result: yes
configure:3897: checking build system type
configure:3911: result: x86_64-unknown-linux-gnu
configure:3931: checking host system type
configure:3944: result: x86_64-unknown-linux-gnu
configure:3985: checking how to print strings
configure:4012: result: printf
configure:4033: checking for a sed that does not truncate output
configure:4097: result: /bin/sed
configure:4115: checking for grep that handles long lines and -e
configure:4173: result: /bin/grep
configure:4178: checking for egrep
configure:4240: result: /bin/grep -E
configure:4245: checking for fgrep
configure:4307: result: /bin/grep -F
configure:4342: checking for ld used by gcc
configure:4409: result: /usr/bin/ld
configure:4416: checking if the linker (/usr/bin/ld) is GNU ld
configure:4431: result: yes
configure:4443: checking for BSD- or MS-compatible name lister (nm)
configure:4492: result: /usr/bin/nm -B
configure:4622: checking the name lister (/usr/bin/nm -B) interface
configure:4629: gcc -c -g -O2  conftest.c >&5
configure:4632: /usr/bin/nm -B "conftest.o"
configure:4635: output
0000000000000000 B some_variable
configure:4642: result: BSD nm
configure:4645: checking whether ln -s works
configure:4649: result: yes
configure:4657: checking the maximum length of command line arguments
configure:4787: result: 1572864
configure:4804: checking whether the shell understands some XSI constructs
configure:4814: result: yes
configure:4818: checking whether the shell understands "+="
configure:4824: result: yes
configure:4859: checking how to convert x86_64-unknown-linux-gnu file names to x86_64-unknown-linux-gnu format
configure:4899: result: func_convert_file_noop
configure:4906: checking how to convert x86_64-unknown-linux-gnu file names to toolchain format
configure:4926: result: func_convert_file_noop
configure:4933: checking for /usr/bin/ld option to reload object files
configure:4940: result: -r
configure:5014: checking for objdump
configure:5030: found /usr/bin/objdump
configure:5041: result: objdump
configure:5073: checking how to recognize dependent libraries
configure:5275: result: pass_all
configure:5360: checking for dlltool
configure:5390: result: no
configure:5420: checking how to associate runtime and link libraries
configure:5447: result: printf %s\n
configure:5508: checking for ar
configure:5524: found /usr/bin/ar
configure:5535: result: ar
configure:5572: checking for archiver @FILE support
configure:5589: gcc -c -g -O2  conftest.c >&5
configure:5589: $? = 0
configure:5592: ar cru libconftest.a @conftest.lst >&5
configure:5595: $? = 0
configure:5600: ar cru libconftest.a @conftest.lst >&5
ar: conftest.o: No such file or directory
configure:5603: $? = 1
configure:5615: result: @
configure:5673: checking for strip
configure:5689: found /usr/bin/strip
configure:5700: result: strip
configure:5772: checking for ranlib
configure:5788: found /usr/bin/ranlib
configure:5799: result: ranlib
configure:5901: checking command to parse /usr/bin/nm -B output from gcc object
configure:6021: gcc -c -g -O2  conftest.c >&5
configure:6024: $? = 0
configure:6028: /usr/bin/nm -B conftest.o \| sed -n -e 's/^.*[ ]\([ABCDGIRSTW][ABCDGIRSTW]*\)[ ][ ]*\([_A-Za-z][_A-Za-z0-9]*\)$/\1 \2 \2/p' | sed '/ __gnu_lto/d' \> conftest.nm
configure:6031: $? = 0
configure:6097: gcc -o conftest -g -O2   conftest.c conftstm.o >&5
configure:6100: $? = 0
configure:6138: result: ok
configure:6175: checking for sysroot
configure:6205: result: no
configure:6282: gcc -c -g -O2  conftest.c >&5
configure:6285: $? = 0
configure:6461: checking for mt
configure:6477: found /bin/mt
configure:6488: result: mt
configure:6511: checking if mt is a manifest tool
configure:6517: mt '-?'
configure:6525: result: no
configure:7167: checking how to run the C preprocessor
configure:7198: gcc -E  conftest.c
configure:7198: $? = 0
configure:7212: gcc -E  conftest.c
conftest.c:11:28: fatal error: ac_nonexistent.h: No such file or directory
compilation terminated.
configure:7212: $? = 1
configure: failed program was:
| /* confdefs.h */
| #define PACKAGE_NAME "geotop"
| #define PACKAGE_TARNAME "geotop"
| #define PACKAGE_VERSION "1.2.10"
| #define PACKAGE_STRING "geotop 1.2.10"
| #define PACKAGE_BUGREPORT "stefano.end@gmail.com"
| #define PACKAGE_URL ""
| #define PACKAGE "geotop"
| #define VERSION "1.2.10"
| /* end confdefs.h.  */
| #include <ac_nonexistent.h>
configure:7237: result: gcc -E
configure:7257: gcc -E  conftest.c
configure:7257: $? = 0
configure:7271: gcc -E  conftest.c
conftest.c:11:28: fatal error: ac_nonexistent.h: No such file or directory
compilation terminated.
configure:7271: $? = 1
configure: failed program was:
| /* confdefs.h */
| #define PACKAGE_NAME "geotop"
| #define PACKAGE_TARNAME "geotop"
| #define PACKAGE_VERSION "1.2.10"
| #define PACKAGE_STRING "geotop 1.2.10"
| #define PACKAGE_BUGREPORT "stefano.end@gmail.com"
| #define PACKAGE_URL ""
| #define PACKAGE "geotop"
| #define VERSION "1.2.10"
| /* end confdefs.h.  */
| #include <ac_nonexistent.h>
configure:7300: checking for ANSI C header files
configure:7320: gcc -c -g -O2  conftest.c >&5
configure:7320: $? = 0
configure:7393: gcc -o conftest -g -O2   conftest.c  >&5
configure:7393: $? = 0
configure:7393: ./conftest
configure:7393: $? = 0
configure:7404: result: yes
configure:7417: checking for sys/types.h
configure:7417: gcc -c -g -O2  conftest.c >&5
configure:7417: $? = 0
configure:7417: result: yes
configure:7417: checking for sys/stat.h
configure:7417: gcc -c -g -O2  conftest.c >&5
configure:7417: $? = 0
configure:7417: result: yes
configure:7417: checking for stdlib.h
configure:7417: gcc -c -g -O2  conftest.c >&5
configure:7417: $? = 0
configure:7417: result: yes
configure:7417: checking for string.h
configure:7417: gcc -c -g -O2  conftest.c >&5
configure:7417: $? = 0
configure:7417: result: yes
configure:7417: checking for memory.h
configure:7417: gcc -c -g -O2  conftest.c >&5
configure:7417: $? = 0
configure:7417: result: yes
configure:7417: checking for strings.h
configure:7417: gcc -c -g -O2  conftest.c >&5
configure:7417: $? = 0
configure:7417: result: yes
configure:7417: checking for inttypes.h
configure:7417: gcc -c -g -O2  conftest.c >&5
configure:7417: $? = 0
configure:7417: result: yes
configure:7417: checking for stdint.h
configure:7417: gcc -c -g -O2  conftest.c >&5
configure:7417: $? = 0
configure:7417: result: yes
configure:7417: checking for unistd.h
configure:7417: gcc -c -g -O2  conftest.c >&5
configure:7417: $? = 0
configure:7417: result: yes
configure:7431: checking for dlfcn.h
configure:7431: gcc -c -g -O2  conftest.c >&5
configure:7431: $? = 0
configure:7431: result: yes
configure:7636: checking for objdir
configure:7651: result: .libs
configure:7918: checking if gcc supports -fno-rtti -fno-exceptions
configure:7936: gcc -c -g -O2  -fno-rtti -fno-exceptions conftest.c >&5
cc1: warning: command line option '-fno-rtti' is valid for C++/ObjC++ but not for C [enabled by default]
configure:7940: $? = 0
configure:7953: result: no
configure:8280: checking for gcc option to produce PIC
configure:8287: result: -fPIC -DPIC
configure:8295: checking if gcc PIC flag -fPIC -DPIC works
configure:8313: gcc -c -g -O2  -fPIC -DPIC -DPIC conftest.c >&5
configure:8317: $? = 0
configure:8330: result: yes
configure:8359: checking if gcc static flag -static works
configure:8387: result: yes
configure:8402: checking if gcc supports -c -o file.o
configure:8423: gcc -c -g -O2  -o out/conftest2.o conftest.c >&5
configure:8427: $? = 0
configure:8449: result: yes
configure:8457: checking if gcc supports -c -o file.o
configure:8504: result: yes
configure:8537: checking whether the gcc linker (/usr/bin/ld -m elf_x86_64) supports shared libraries
configure:9694: result: yes
configure:9731: checking whether -lc should be explicitly linked in
configure:9739: gcc -c -g -O2  conftest.c >&5
configure:9742: $? = 0
configure:9757: gcc -shared  -fPIC -DPIC conftest.o  -v -Wl,-soname -Wl,conftest -o conftest 2\>\&1 \| /bin/grep  -lc  \>/dev/null 2\>\&1
configure:9760: $? = 0
configure:9774: result: no
configure:9934: checking dynamic linker characteristics
configure:10445: gcc -o conftest -g -O2   -Wl,-rpath -Wl,/foo conftest.c  >&5
configure:10445: $? = 0
configure:10679: result: GNU/Linux ld.so
configure:10786: checking how to hardcode library paths into programs
configure:10811: result: immediate
configure:11351: checking whether stripping libraries is possible
configure:11356: result: yes
configure:11391: checking if libtool supports shared libraries
configure:11393: result: yes
configure:11396: checking whether to build shared libraries
configure:11417: result: yes
configure:11420: checking whether to build static libraries
configure:11424: result: yes
configure:11488: checking for stdlib.h
configure:11488: result: yes
configure:11488: checking for string.h
configure:11488: result: yes
configure:11500: checking for size_t
configure:11500: gcc -c -g -O2  conftest.c >&5
configure:11500: $? = 0
configure:11500: gcc -c -g -O2  conftest.c >&5
conftest.c: In function 'main':
conftest.c:61:21: error: expected expression before ')' token
configure:11500: $? = 1
configure: failed program was:
| /* confdefs.h */
| #define PACKAGE_NAME "geotop"
| #define PACKAGE_TARNAME "geotop"
| #define PACKAGE_VERSION "1.2.10"
| #define PACKAGE_STRING "geotop 1.2.10"
| #define PACKAGE_BUGREPORT "stefano.end@gmail.com"
| #define PACKAGE_URL ""
| #define PACKAGE "geotop"
| #define VERSION "1.2.10"
| #define STDC_HEADERS 1
| #define HAVE_SYS_TYPES_H 1
| #define HAVE_SYS_STAT_H 1
| #define HAVE_STDLIB_H 1
| #define HAVE_STRING_H 1
| #define HAVE_MEMORY_H 1
| #define HAVE_STRINGS_H 1
| #define HAVE_INTTYPES_H 1
| #define HAVE_STDINT_H 1
| #define HAVE_UNISTD_H 1
| #define HAVE_DLFCN_H 1
| #define LT_OBJDIR ".libs/"
| #define HAVE_STDLIB_H 1
| #define HAVE_STRING_H 1
| /* end confdefs.h.  */
| #include <stdio.h>
| #ifdef HAVE_SYS_TYPES_H
| # include <sys/types.h>
| #endif
| #ifdef HAVE_SYS_STAT_H
| # include <sys/stat.h>
| #endif
| #ifdef STDC_HEADERS
| # include <stdlib.h>
| # include <stddef.h>
| #else
| # ifdef HAVE_STDLIB_H
| #  include <stdlib.h>
| # endif
| #endif
| #ifdef HAVE_STRING_H
| # if !defined STDC_HEADERS && defined HAVE_MEMORY_H
| #  include <memory.h>
| # endif
| # include <string.h>
| #endif
| #ifdef HAVE_STRINGS_H
| # include <strings.h>
| #endif
| #ifdef HAVE_INTTYPES_H
| # include <inttypes.h>
| #endif
| #ifdef HAVE_STDINT_H
| # include <stdint.h>
| #endif
| #ifdef HAVE_UNISTD_H
| # include <unistd.h>
| #endif
| int
| main ()
| {
| if (sizeof ((size_t)))
| 	    return 0;
|   ;
|   return 0;
| }
configure:11500: result: yes
configure:11515: checking for stdlib.h
configure:11515: result: yes
configure:11525: checking for GNU libc compatible malloc
configure:11549: gcc -o conftest -g -O2   conftest.c  >&5
configure:11549: $? = 0
configure:11549: ./conftest
configure:11549: $? = 0
configure:11559: result: yes
configure:11582: checking for stdlib.h
configure:11582: result: yes
configure:11592: checking for GNU libc compatible realloc
configure:11616: gcc -o conftest -g -O2   conftest.c  >&5
configure:11616: $? = 0
configure:11616: ./conftest
configure:11616: $? = 0
configure:11626: result: yes
configure:11650: checking for floor
configure:11650: gcc -o conftest -g -O2   conftest.c  >&5
conftest.c:52:6: warning: conflicting types for built-in function 'floor' [enabled by default]
/tmp/ccu08Be7.o: In function `main':
/home/localadmin/geotop/conftest.c:63: undefined reference to `floor'
collect2: ld returned 1 exit status
configure:11650: $? = 1
configure: failed program was:
| /* confdefs.h */
| #define PACKAGE_NAME "geotop"
| #define PACKAGE_TARNAME "geotop"
| #define PACKAGE_VERSION "1.2.10"
| #define PACKAGE_STRING "geotop 1.2.10"
| #define PACKAGE_BUGREPORT "stefano.end@gmail.com"
| #define PACKAGE_URL ""
| #define PACKAGE "geotop"
| #define VERSION "1.2.10"
| #define STDC_HEADERS 1
| #define HAVE_SYS_TYPES_H 1
| #define HAVE_SYS_STAT_H 1
| #define HAVE_STDLIB_H 1
| #define HAVE_STRING_H 1
| #define HAVE_MEMORY_H 1
| #define HAVE_STRINGS_H 1
| #define HAVE_INTTYPES_H 1
| #define HAVE_STDINT_H 1
| #define HAVE_UNISTD_H 1
| #define HAVE_DLFCN_H 1
| #define LT_OBJDIR ".libs/"
| #define HAVE_STDLIB_H 1
| #define HAVE_STRING_H 1
| #define HAVE_STDLIB_H 1
| #define HAVE_MALLOC 1
| #define HAVE_STDLIB_H 1
| #define HAVE_REALLOC 1
| /* end confdefs.h.  */
| /* Define floor to an innocuous variant, in case <limits.h> declares floor.
|    For example, HP-UX 11i <limits.h> declares gettimeofday.  */
| #define floor innocuous_floor
| 
| /* System header to define __stub macros and hopefully few prototypes,
|     which can conflict with char floor (); below.
|     Prefer <limits.h> to <assert.h> if __STDC__ is defined, since
|     <limits.h> exists even on freestanding compilers.  */
| 
| #ifdef __STDC__
| # include <limits.h>
| #else
| # include <assert.h>
| #endif
| 
| #undef floor
| 
| /* Override any GCC internal prototype to avoid an error.
|    Use char because int might match the return type of a GCC
|    builtin and then its argument prototype would still apply.  */
| #ifdef __cplusplus
| extern "C"
| #endif
| char floor ();
| /* The GNU C library defines this for functions which it implements
|     to always fail with ENOSYS.  Some functions are actually named
|     something starting with __ and the normal name is an alias.  */
| #if defined __stub_floor || defined __stub___floor
| choke me
| #endif
| 
| int
| main ()
| {
| return floor ();
|   ;
|   return 0;
| }
configure:11650: result: no
configure:11650: checking for pow
configure:11650: gcc -o conftest -g -O2   conftest.c  >&5
conftest.c:52:6: warning: conflicting types for built-in function 'pow' [enabled by default]
/tmp/cckc5Am9.o: In function `main':
/home/localadmin/geotop/conftest.c:63: undefined reference to `pow'
collect2: ld returned 1 exit status
configure:11650: $? = 1
configure: failed program was:
| /* confdefs.h */
| #define PACKAGE_NAME "geotop"
| #define PACKAGE_TARNAME "geotop"
| #define PACKAGE_VERSION "1.2.10"
| #define PACKAGE_STRING "geotop 1.2.10"
| #define PACKAGE_BUGREPORT "stefano.end@gmail.com"
| #define PACKAGE_URL ""
| #define PACKAGE "geotop"
| #define VERSION "1.2.10"
| #define STDC_HEADERS 1
| #define HAVE_SYS_TYPES_H 1
| #define HAVE_SYS_STAT_H 1
| #define HAVE_STDLIB_H 1
| #define HAVE_STRING_H 1
| #define HAVE_MEMORY_H 1
| #define HAVE_STRINGS_H 1
| #define HAVE_INTTYPES_H 1
| #define HAVE_STDINT_H 1
| #define HAVE_UNISTD_H 1
| #define HAVE_DLFCN_H 1
| #define LT_OBJDIR ".libs/"
| #define HAVE_STDLIB_H 1
| #define HAVE_STRING_H 1
| #define HAVE_STDLIB_H 1
| #define HAVE_MALLOC 1
| #define HAVE_STDLIB_H 1
| #define HAVE_REALLOC 1
| /* end confdefs.h.  */
| /* Define pow to an innocuous variant, in case <limits.h> declares pow.
|    For example, HP-UX 11i <limits.h> declares gettimeofday.  */
| #define pow innocuous_pow
| 
| /* System header to define __stub macros and hopefully few prototypes,
|     which can conflict with char pow (); below.
|     Prefer <limits.h> to <assert.h> if __STDC__ is defined, since
|     <limits.h> exists even on freestanding compilers.  */
| 
| #ifdef __STDC__
| # include <limits.h>
| #else
| # include <assert.h>
| #endif
| 
| #undef pow
| 
| /* Override any GCC internal prototype to avoid an error.
|    Use char because int might match the return type of a GCC
|    builtin and then its argument prototype would still apply.  */
| #ifdef __cplusplus
| extern "C"
| #endif
| char pow ();
| /* The GNU C library defines this for functions which it implements
|     to always fail with ENOSYS.  Some functions are actually named
|     something starting with __ and the normal name is an alias.  */
| #if defined __stub_pow || defined __stub___pow
| choke me
| #endif
| 
| int
| main ()
| {
| return pow ();
|   ;
|   return 0;
| }
configure:11650: result: no
configure:11650: checking for sqrt
configure:11650: gcc -o conftest -g -O2   conftest.c  >&5
conftest.c:52:6: warning: conflicting types for built-in function 'sqrt' [enabled by default]
/tmp/ccJ1giYe.o: In function `main':
/home/localadmin/geotop/conftest.c:63: undefined reference to `sqrt'
collect2: ld returned 1 exit status
configure:11650: $? = 1
configure: failed program was:
| /* confdefs.h */
| #define PACKAGE_NAME "geotop"
| #define PACKAGE_TARNAME "geotop"
| #define PACKAGE_VERSION "1.2.10"
| #define PACKAGE_STRING "geotop 1.2.10"
| #define PACKAGE_BUGREPORT "stefano.end@gmail.com"
| #define PACKAGE_URL ""
| #define PACKAGE "geotop"
| #define VERSION "1.2.10"
| #define STDC_HEADERS 1
| #define HAVE_SYS_TYPES_H 1
| #define HAVE_SYS_STAT_H 1
| #define HAVE_STDLIB_H 1
| #define HAVE_STRING_H 1
| #define HAVE_MEMORY_H 1
| #define HAVE_STRINGS_H 1
| #define HAVE_INTTYPES_H 1
| #define HAVE_STDINT_H 1
| #define HAVE_UNISTD_H 1
| #define HAVE_DLFCN_H 1
| #define LT_OBJDIR ".libs/"
| #define HAVE_STDLIB_H 1
| #define HAVE_STRING_H 1
| #define HAVE_STDLIB_H 1
| #define HAVE_MALLOC 1
| #define HAVE_STDLIB_H 1
| #define HAVE_REALLOC 1
| /* end confdefs.h.  */
| /* Define sqrt to an innocuous variant, in case <limits.h> declares sqrt.
|    For example, HP-UX 11i <limits.h> declares gettimeofday.  */
| #define sqrt innocuous_sqrt
| 
| /* System header to define __stub macros and hopefully few prototypes,
|     which can conflict with char sqrt (); below.
|     Prefer <limits.h> to <assert.h> if __STDC__ is defined, since
|     <limits.h> exists even on freestanding compilers.  */
| 
| #ifdef __STDC__
| # include <limits.h>
| #else
| # include <assert.h>
| #endif
| 
| #undef sqrt
| 
| /* Override any GCC internal prototype to avoid an error.
|    Use char because int might match the return type of a GCC
|    builtin and then its argument prototype would still apply.  */
| #ifdef __cplusplus
| extern "C"
| #endif
| char sqrt ();
| /* The GNU C library defines this for functions which it implements
|     to always fail with ENOSYS.  Some functions are actually named
|     something starting with __ and the normal name is an alias.  */
| #if defined __stub_sqrt || defined __stub___sqrt
| choke me
| #endif
| 
| int
| main ()
| {
| return sqrt ();
|   ;
|   return 0;
| }
configure:11650: result: no
configure:11799: creating ./config.status

## ---------------------- ##
## Running config.status. ##
## ---------------------- ##

This file was extended by geotop config.status 1.2.10, which was
generated by GNU Autoconf 2.68.  Invocation command line was

  CONFIG_FILES    = 
  CONFIG_HEADERS  = 
  CONFIG_LINKS    = 
  CONFIG_COMMANDS = 
  $ ./config.status 

on geo-106-154

config.status:1106: creating Makefile
config.status:1106: creating src/Makefile
config.status:1106: creating src/geotop/Makefile
config.status:1106: creating src/libraries/Makefile
config.status:1106: creating src/libraries/ascii/Makefile
config.status:1106: creating src/libraries/math/Makefile
config.status:1106: creating src/libraries/fluidturtle//Makefile
config.status:1106: creating src/libraries/geomorphology/Makefile
config.status:1106: creating tests/test_sample_run/test_runner.py
config.status:1106: creating config.h
config.status:1287: config.h is unchanged
config.status:1335: executing depfiles commands
config.status:1335: executing libtool commands

## ---------------- ##
## Cache variables. ##
## ---------------- ##

ac_cv_build=x86_64-unknown-linux-gnu
ac_cv_c_compiler_gnu=yes
ac_cv_env_CC_set=
ac_cv_env_CC_value=
ac_cv_env_CFLAGS_set=
ac_cv_env_CFLAGS_value=
ac_cv_env_CPPFLAGS_set=
ac_cv_env_CPPFLAGS_value=
ac_cv_env_CPP_set=
ac_cv_env_CPP_value=
ac_cv_env_LDFLAGS_set=
ac_cv_env_LDFLAGS_value=
ac_cv_env_LIBS_set=
ac_cv_env_LIBS_value=
ac_cv_env_build_alias_set=
ac_cv_env_build_alias_value=
ac_cv_env_host_alias_set=
ac_cv_env_host_alias_value=
ac_cv_env_target_alias_set=
ac_cv_env_target_alias_value=
ac_cv_func_floor=no
ac_cv_func_malloc_0_nonnull=yes
ac_cv_func_pow=no
ac_cv_func_realloc_0_nonnull=yes
ac_cv_func_sqrt=no
ac_cv_header_dlfcn_h=yes
ac_cv_header_inttypes_h=yes
ac_cv_header_memory_h=yes
ac_cv_header_stdc=yes
ac_cv_header_stdint_h=yes
ac_cv_header_stdlib_h=yes
ac_cv_header_string_h=yes
ac_cv_header_strings_h=yes
ac_cv_header_sys_stat_h=yes
ac_cv_header_sys_types_h=yes
ac_cv_header_unistd_h=yes
ac_cv_host=x86_64-unknown-linux-gnu
ac_cv_objext=o
ac_cv_path_EGREP='/bin/grep -E'
ac_cv_path_FGREP='/bin/grep -F'
ac_cv_path_GREP=/bin/grep
ac_cv_path_SED=/bin/sed
ac_cv_path_install='/usr/bin/install -c'
ac_cv_path_mkdir=/bin/mkdir
ac_cv_prog_AWK=mawk
ac_cv_prog_CPP='gcc -E'
ac_cv_prog_ac_ct_AR=ar
ac_cv_prog_ac_ct_CC=gcc
ac_cv_prog_ac_ct_MANIFEST_TOOL=mt
ac_cv_prog_ac_ct_OBJDUMP=objdump
ac_cv_prog_ac_ct_RANLIB=ranlib
ac_cv_prog_ac_ct_STRIP=strip
ac_cv_prog_cc_c89=
ac_cv_prog_cc_g=yes
ac_cv_prog_cc_gcc_c_o=yes
ac_cv_prog_make_make_set=yes
ac_cv_type_size_t=yes
am_cv_CC_dependencies_compiler_type=gcc3
lt_cv_ar_at_file=@
lt_cv_archive_cmds_need_lc=no
lt_cv_deplibs_check_method=pass_all
lt_cv_file_magic_cmd='$MAGIC_CMD'
lt_cv_file_magic_test_file=
lt_cv_ld_reload_flag=-r
lt_cv_nm_interface='BSD nm'
lt_cv_objdir=.libs
lt_cv_path_LD=/usr/bin/ld
lt_cv_path_NM='/usr/bin/nm -B'
lt_cv_path_mainfest_tool=no
lt_cv_prog_compiler_c_o=yes
lt_cv_prog_compiler_pic='-fPIC -DPIC'
lt_cv_prog_compiler_pic_works=yes
lt_cv_prog_compiler_rtti_exceptions=no
lt_cv_prog_compiler_static_works=yes
lt_cv_prog_gnu_ld=yes
lt_cv_sharedlib_from_linklib_cmd='printf %s\n'
lt_cv_shlibpath_overrides_runpath=no
lt_cv_sys_global_symbol_pipe='sed -n -e '\''s/^.*[	 ]\([ABCDGIRSTW][ABCDGIRSTW]*\)[	 ][	 ]*\([_A-Za-z][_A-Za-z0-9]*\)$/\1 \2 \2/p'\'' | sed '\''/ __gnu_lto/d'\'''
lt_cv_sys_global_symbol_to_c_name_address='sed -n -e '\''s/^: \([^ ]*\)[ ]*$/  {\"\1\", (void *) 0},/p'\'' -e '\''s/^[ABCDGIRSTW]* \([^ ]*\) \([^ ]*\)$/  {"\2", (void *) \&\2},/p'\'''
lt_cv_sys_global_symbol_to_c_name_address_lib_prefix='sed -n -e '\''s/^: \([^ ]*\)[ ]*$/  {\"\1\", (void *) 0},/p'\'' -e '\''s/^[ABCDGIRSTW]* \([^ ]*\) \(lib[^ ]*\)$/  {"\2", (void *) \&\2},/p'\'' -e '\''s/^[ABCDGIRSTW]* \([^ ]*\) \([^ ]*\)$/  {"lib\2", (void *) \&\2},/p'\'''
lt_cv_sys_global_symbol_to_cdecl='sed -n -e '\''s/^T .* \(.*\)$/extern int \1();/p'\'' -e '\''s/^[ABCDGIRSTW]* .* \(.*\)$/extern char \1;/p'\'''
lt_cv_sys_max_cmd_len=1572864
lt_cv_to_host_file_cmd=func_convert_file_noop
lt_cv_to_tool_file_cmd=func_convert_file_noop

## ----------------- ##
## Output variables. ##
## ----------------- ##

ACLOCAL='${SHELL} /home/localadmin/geotop/build-aux/missing --run aclocal-1.11'
AMDEPBACKSLASH='\'
AMDEP_FALSE='#'
AMDEP_TRUE=''
AMTAR='$${TAR-tar}'
AR='ar'
AUTOCONF='${SHELL} /home/localadmin/geotop/build-aux/missing --run autoconf'
AUTOHEADER='${SHELL} /home/localadmin/geotop/build-aux/missing --run autoheader'
AUTOMAKE='${SHELL} /home/localadmin/geotop/build-aux/missing --run automake-1.11'
AWK='mawk'
CC='gcc'
CCDEPMODE='depmode=gcc3'
CFLAGS='-g -O2'
CPP='gcc -E'
CPPFLAGS=''
CYGPATH_W='echo'
DEFS='-DHAVE_CONFIG_H'
DEPDIR='.deps'
DLLTOOL='false'
DSYMUTIL=''
DUMPBIN=''
ECHO_C=''
ECHO_N='-n'
ECHO_T=''
EGREP='/bin/grep -E'
EXEEXT=''
FGREP='/bin/grep -F'
GEOTOP_PROGRAM_PATH='src/geotop/geotop'
GREP='/bin/grep'
INSTALL_DATA='${INSTALL} -m 644'
INSTALL_PROGRAM='${INSTALL}'
INSTALL_SCRIPT='${INSTALL}'
INSTALL_STRIP_PROGRAM='$(install_sh) -c -s'
LD='/usr/bin/ld -m elf_x86_64'
LDFLAGS=''
LIBOBJS=''
LIBS=''
LIBTOOL='$(SHELL) $(top_builddir)/libtool'
LIPO=''
LN_S='ln -s'
LTLIBOBJS=''
MAKEINFO='${SHELL} /home/localadmin/geotop/build-aux/missing --run makeinfo'
MANIFEST_TOOL=':'
METEODISTR_RESULTS_DIR='results.meteodistr'
MKDIR_P='/bin/mkdir -p'
NM='/usr/bin/nm -B'
NMEDIT=''
OBJDUMP='objdump'
OBJEXT='o'
OTOOL64=''
OTOOL=''
PACKAGE='geotop'
PACKAGE_BUGREPORT='stefano.end@gmail.com'
PACKAGE_NAME='geotop'
PACKAGE_STRING='geotop 1.2.10'
PACKAGE_TARNAME='geotop'
PACKAGE_URL=''
PACKAGE_VERSION='1.2.10'
PATH_SEPARATOR=':'
RANLIB='ranlib'
SED='/bin/sed'
SET_MAKE=''
SHELL='/bin/bash'
STRIP='strip'
VERSION='1.2.10'
WITH_STATIC_GEOTOP_FALSE=''
WITH_STATIC_GEOTOP_TRUE='#'
ac_ct_AR='ar'
ac_ct_CC='gcc'
ac_ct_DUMPBIN=''
am__EXEEXT_FALSE=''
am__EXEEXT_TRUE='#'
am__fastdepCC_FALSE='#'
am__fastdepCC_TRUE=''
am__include='include'
am__isrc=''
am__leading_dot='.'
am__nodep='_no'
am__quote=''
am__tar='$${TAR-tar} chof - "$$tardir"'
am__untar='$${TAR-tar} xf -'
bindir='${exec_prefix}/bin'
build='x86_64-unknown-linux-gnu'
build_alias=''
build_cpu='x86_64'
build_os='linux-gnu'
build_vendor='unknown'
datadir='${datarootdir}'
datarootdir='${prefix}/share'
docdir='${datarootdir}/doc/${PACKAGE_TARNAME}'
dvidir='${docdir}'
exec_prefix='${prefix}'
host='x86_64-unknown-linux-gnu'
host_alias=''
host_cpu='x86_64'
host_os='linux-gnu'
host_vendor='unknown'
htmldir='${docdir}'
includedir='${prefix}/include'
infodir='${datarootdir}/info'
install_sh='${SHELL} /home/localadmin/geotop/build-aux/install-sh'
libdir='${exec_prefix}/lib'
libexecdir='${exec_prefix}/libexec'
localedir='${datarootdir}/locale'
localstatedir='${prefix}/var'
mandir='${datarootdir}/man'
mkdir_p='/bin/mkdir -p'
oldincludedir='/usr/include'
pdfdir='${docdir}'
prefix='/usr/local'
program_transform_name='s,x,x,'
psdir='${docdir}'
sbindir='${exec_prefix}/sbin'
sharedstatedir='${prefix}/com'
sysconfdir='${prefix}/etc'
target_alias=''

## ----------- ##
## confdefs.h. ##
## ----------- ##

/* confdefs.h */
#define PACKAGE_NAME "geotop"
#define PACKAGE_TARNAME "geotop"
#define PACKAGE_VERSION "1.2.10"
#define PACKAGE_STRING "geotop 1.2.10"
#define PACKAGE_BUGREPORT "stefano.end@gmail.com"
#define PACKAGE_URL ""
#define PACKAGE "geotop"
#define VERSION "1.2.10"
#define STDC_HEADERS 1
#define HAVE_SYS_TYPES_H 1
#define HAVE_SYS_STAT_H 1
#define HAVE_STDLIB_H 1
#define HAVE_STRING_H 1
#define HAVE_MEMORY_H 1
#define HAVE_STRINGS_H 1
#define HAVE_INTTYPES_H 1
#define HAVE_STDINT_H 1
#define HAVE_UNISTD_H 1
#define HAVE_DLFCN_H 1
#define LT_OBJDIR ".libs/"
#define HAVE_STDLIB_H 1
#define HAVE_STRING_H 1
#define HAVE_STDLIB_H 1
#define HAVE_MALLOC 1
#define HAVE_STDLIB_H 1
#define HAVE_REALLOC 1

configure: exit 0
